<?xml version="1.0" encoding="UTF-8" ?>
<testsuite 
errors="0" failures="0" hostname="Christophers-MacBook-Pro.local" name="org.scassandra.server.cqlmessages.response.ResultHelperTest" tests="1" time="0.066" timestamp="2015-06-26T21:15:40">
  <properties>
[...]
</properties>
  <testcase 
  name="Serialising map type" classname="org.scassandra.server.cqlmessages.response.ResultHelperTest" time="0.053">
</testcase>
  <system-out><![CDATA[]]></system-out>
  <system-err><![CDATA[]]></system-err>
</testsuite>
